<?xml version="1.0" encoding="UTF-8"?>
<!-- Generated by org.testng.reporters.JUnitReportReporter -->
<testsuite skipped="0" hostname="DESKTOP-H5S4KM0" name="com.training.sanity.tests.ELearning_TC60" tests="2" failures="0" timestamp="20 Mar 2019 07:55:18 GMT" time="33.213" errors="0">
  <testcase name="toCreateCourse" time="13.064" classname="com.training.sanity.tests.ELearning_TC60"/>
  <testcase name="toSuscribe" time="20.149" classname="com.training.sanity.tests.ELearning_TC60"/>
</testsuite> <!-- com.training.sanity.tests.ELearning_TC60 -->
