<?xml version="1.0" encoding="UTF-8"?>
<!-- Generated by org.testng.reporters.JUnitReportReporter -->
<testsuite skipped="0" hostname="DESKTOP-H5S4KM0" name="com.training.sanity.tests.ELearning_TC56" tests="2" failures="0" timestamp="19 Mar 2019 09:50:05 GMT" time="32.471" errors="0">
  <testcase name="toSusccribeUser" time="21.375" classname="com.training.sanity.tests.ELearning_TC56"/>
  <testcase name="toAddCourse" time="11.096" classname="com.training.sanity.tests.ELearning_TC56"/>
</testsuite> <!-- com.training.sanity.tests.ELearning_TC56 -->
