<?xml version="1.0" encoding="UTF-8"?>
<!-- Generated by org.testng.reporters.JUnitReportReporter -->
<testsuite skipped="0" hostname="DESKTOP-H5S4KM0" name="com.training.regression.tests.ELearning_TC88" tests="2" failures="0" timestamp="02 Apr 2019 04:16:26 GMT" time="51.089" errors="0">
  <testcase name="loginDBTest" time="26.924" classname="com.training.regression.tests.ELearning_TC88"/>
  <testcase name="loginDBTest" time="24.165" classname="com.training.regression.tests.ELearning_TC88"/>
</testsuite> <!-- com.training.regression.tests.ELearning_TC88 -->
