<?xml version="1.0" encoding="UTF-8"?>
<!-- Generated by org.testng.reporters.JUnitReportReporter -->
<testsuite skipped="0" hostname="DESKTOP-H5S4KM0" name="com.training.regression.tests.ELearning_TC89" tests="1" failures="0" timestamp="02 Apr 2019 04:17:29 GMT" time="23.582" errors="0">
  <testcase name="loginDBTest" time="23.582" classname="com.training.regression.tests.ELearning_TC89"/>
</testsuite> <!-- com.training.regression.tests.ELearning_TC89 -->
