<?xml version="1.0" encoding="UTF-8"?>
<!-- Generated by org.testng.reporters.JUnitReportReporter -->
<testsuite skipped="0" hostname="DESKTOP-H5S4KM0" name="com.training.sanity.tests.LoginTests" tests="1" failures="0" timestamp="07 Mar 2019 10:16:06 GMT" time="17.089" errors="0">
  <testcase name="validLoginTest" time="17.089" classname="com.training.sanity.tests.LoginTests"/>
</testsuite> <!-- com.training.sanity.tests.LoginTests -->
