<?xml version="1.0" encoding="UTF-8"?>
<!-- Generated by org.testng.reporters.JUnitReportReporter -->
<testsuite skipped="0" hostname="DESKTOP-H5S4KM0" name="com.training.sanity.tests.ELearning_TC58" tests="2" failures="0" timestamp="19 Mar 2019 12:44:25 GMT" time="27.252" errors="0">
  <testcase name="toCreateCareer" time="11.215" classname="com.training.sanity.tests.ELearning_TC58"/>
  <testcase name="toAddCourse" time="16.037" classname="com.training.sanity.tests.ELearning_TC58"/>
</testsuite> <!-- com.training.sanity.tests.ELearning_TC58 -->
