<?xml version="1.0" encoding="UTF-8"?>
<!-- Generated by org.testng.reporters.JUnitReportReporter -->
<testsuite skipped="0" hostname="DESKTOP-H5S4KM0" name="com.training.sanity.tests.ELearning_TC30" tests="1" failures="0" timestamp="12 Mar 2019 06:16:06 GMT" time="30.279" errors="0">
  <testcase name="toLogOut" time="30.279" classname="com.training.sanity.tests.ELearning_TC30"/>
</testsuite> <!-- com.training.sanity.tests.ELearning_TC30 -->
