<?xml version="1.0" encoding="UTF-8"?>
<!-- Generated by org.testng.reporters.JUnitReportReporter -->
<testsuite skipped="0" hostname="DESKTOP-H5S4KM0" name="com.training.sanity.tests.ELearning_TC59" tests="2" failures="0" timestamp="19 Mar 2019 19:43:40 GMT" time="25.938" errors="0">
  <testcase name="toCreateCourse" time="11.615" classname="com.training.sanity.tests.ELearning_TC59"/>
  <testcase name="toSuscribe" time="14.323" classname="com.training.sanity.tests.ELearning_TC59"/>
</testsuite> <!-- com.training.sanity.tests.ELearning_TC59 -->
