<?xml version="1.0" encoding="UTF-8"?>
<!-- Generated by org.testng.reporters.JUnitReportReporter -->
<testsuite skipped="0" hostname="DESKTOP-H5S4KM0" name="com.training.regression.tests.ELearning_TC87" tests="3" failures="0" timestamp="01 Apr 2019 11:00:46 GMT" time="59.942" errors="0">
  <testcase name="loginDBTest" time="18.886" classname="com.training.regression.tests.ELearning_TC87"/>
  <testcase name="loginDBTest" time="19.325" classname="com.training.regression.tests.ELearning_TC87"/>
  <testcase name="loginDBTest" time="21.731" classname="com.training.regression.tests.ELearning_TC87"/>
</testsuite> <!-- com.training.regression.tests.ELearning_TC87 -->
